{"numFailedTestSuites":0,"numFailedTests":0,"numPassedTestSuites":6,"numPassedTests":16,"numPendingTestSuites":0,"numPendingTests":0,"numRuntimeErrorTestSuites":0,"numTodoTests":0,"numTotalTestSuites":6,"numTotalTests":16,"openHandles":[],"snapshot":{"added":0,"didUpdate":false,"failure":false,"filesAdded":0,"filesRemoved":0,"filesRemovedList":[],"filesUnmatched":0,"filesUpdated":0,"matched":0,"total":0,"unchecked":0,"uncheckedKeysByFile":[],"unmatched":0,"updated":0},"startTime":1618677835247,"success":true,"testResults":[{"assertionResults":[{"ancestorTitles":["Alert","when given valid props"],"failureMessages":[],"fullName":"Alert when given valid props renders","location":null,"status":"passed","title":"renders"}],"endTime":1618677839901,"message":"","name":"/home/robin/dev/HomeOffice/hods-poc/components/alert/spec/Alert.ts","startTime":1618677837539,"status":"passed","summary":""},{"assertionResults":[{"ancestorTitles":["Header","when given no props"],"failureMessages":[],"fullName":"Header when given no props renders","location":null,"status":"passed","title":"renders"},{"ancestorTitles":["Header","when given valid props"],"failureMessages":[],"fullName":"Header when given valid props renders","location":null,"status":"passed","title":"renders"}],"endTime":1618677840621,"message":"","name":"/home/robin/dev/HomeOffice/hods-poc/components/header/spec/Header.ts","startTime":1618677837607,"status":"passed","summary":""},{"assertionResults":[{"ancestorTitles":["StatusBanner","when given valid props"],"failureMessages":[],"fullName":"StatusBanner when given valid props renders","location":null,"status":"passed","title":"renders"}],"endTime":1618677840804,"message":"","name":"/home/robin/dev/HomeOffice/hods-poc/components/status-banner/spec/StatusBanner.ts","startTime":1618677839935,"status":"passed","summary":""},{"assertionResults":[{"ancestorTitles":["Page","when given no props"],"failureMessages":[],"fullName":"Page when given no props renders","location":null,"status":"passed","title":"renders"},{"ancestorTitles":["Page","when given valid props"],"failureMessages":[],"fullName":"Page when given valid props renders","location":null,"status":"passed","title":"renders"}],"endTime":1618677840824,"message":"","name":"/home/robin/dev/HomeOffice/hods-poc/components/page/spec/Page.ts","startTime":1618677837663,"status":"passed","summary":""},{"assertionResults":[{"ancestorTitles":["StatusMessage","when given a status"],"failureMessages":[],"fullName":"StatusMessage when given a status should show the status","location":null,"status":"passed","title":"should show the status"},{"ancestorTitles":["StatusMessage","when given a status","and extra contents"],"failureMessages":[],"fullName":"StatusMessage when given a status and extra contents should show the status and the extra contents","location":null,"status":"passed","title":"should show the status and the extra contents"},{"ancestorTitles":["StatusMessage","when given a status","and extra contents","with an action"],"failureMessages":[],"fullName":"StatusMessage when given a status and extra contents with an action should show the status, extra contents, and action","location":null,"status":"passed","title":"should show the status, extra contents, and action"},{"ancestorTitles":["StatusMessage","when given a status","and extra contents","with multiple actions"],"failureMessages":[],"fullName":"StatusMessage when given a status and extra contents with multiple actions should show the status, extra contents, and actions","location":null,"status":"passed","title":"should show the status, extra contents, and actions"},{"ancestorTitles":["StatusMessage","when given a status","and extra contents","with multiple actions"],"failureMessages":[],"fullName":"StatusMessage when given a status and extra contents with multiple actions should show all the actions","location":null,"status":"passed","title":"should show all the actions"},{"ancestorTitles":["StatusMessage","when given only contents"],"failureMessages":[],"fullName":"StatusMessage when given only contents should show only the contents","location":null,"status":"passed","title":"should show only the contents"},{"ancestorTitles":["StatusMessage","when given only actions"],"failureMessages":[],"fullName":"StatusMessage when given only actions should not display anything","location":null,"status":"passed","title":"should not display anything"},{"ancestorTitles":["StatusMessage","when given no props at all"],"failureMessages":[],"fullName":"StatusMessage when given no props at all should not display anything","location":null,"status":"passed","title":"should not display anything"}],"endTime":1618677840924,"message":"","name":"/home/robin/dev/HomeOffice/hods-poc/components/status-message/spec/StatusMessage.ts","startTime":1618677837643,"status":"passed","summary":""},{"assertionResults":[{"ancestorTitles":["Footer","when given no props"],"failureMessages":[],"fullName":"Footer when given no props renders","location":null,"status":"passed","title":"renders"},{"ancestorTitles":["Footer","when given valid props"],"failureMessages":[],"fullName":"Footer when given valid props renders","location":null,"status":"passed","title":"renders"}],"endTime":1618677841086,"message":"","name":"/home/robin/dev/HomeOffice/hods-poc/components/footer/spec/Footer.ts","startTime":1618677840651,"status":"passed","summary":""}],"wasInterrupted":false,"coverageMap":{}}